<?xml version="1.0" encoding="UTF-8"?>
<!-- Generated by org.testng.reporters.JUnitReportReporter -->
<testsuite hostname="LAPTOP-RE3FF33E" failures="0" tests="2" name="testCases.TC001_AccountRegistrationTest" time="12.523" errors="0" timestamp="2025-08-01T14:10:26 IST" skipped="0">
  <testcase classname="testCases.TC001_AccountRegistrationTest" name="verify_account_registration" time="8.398"/>
  <testcase classname="testCases.TC001_AccountRegistrationTest" name="verify_account_registration" time="4.125"/>
</testsuite> <!-- testCases.TC001_AccountRegistrationTest -->
