<?xml version="1.0" encoding="UTF-8"?>
<!-- Generated by org.testng.reporters.JUnitReportReporter -->
<testsuite hostname="LAPTOP-RE3FF33E" failures="0" tests="1" name="testBase.TC001_AccountRegistrationTest" time="3.952" errors="0" timestamp="2025-07-13T07:23:19 IST" skipped="0">
  <testcase classname="testBase.TC001_AccountRegistrationTest" name="verify_account_registration" time="3.952"/>
</testsuite> <!-- testBase.TC001_AccountRegistrationTest -->
