<?xml version="1.0" encoding="UTF-8"?>
<!-- Generated by org.testng.reporters.JUnitReportReporter -->
<testsuite hostname="LAPTOP-RE3FF33E" failures="0" tests="2" name="testCases.TC002_LoginTest" time="4.981" errors="0" timestamp="2025-08-01T14:10:26 IST" skipped="0">
  <testcase classname="testCases.TC002_LoginTest" name="verify_login" time="2.162"/>
  <testcase classname="testCases.TC002_LoginTest" name="verify_login" time="2.819"/>
</testsuite> <!-- testCases.TC002_LoginTest -->
