<?xml version="1.0" encoding="UTF-8"?>
<!-- Generated by org.testng.reporters.JUnitReportReporter -->
<testsuite hostname="LAPTOP-RE3FF33E" failures="0" tests="1" name="testCases.TC002_LoginTest" time="1.628" errors="0" timestamp="2025-08-05T14:33:23 IST" skipped="0">
  <testcase classname="testCases.TC002_LoginTest" name="verify_login" time="1.628"/>
</testsuite> <!-- testCases.TC002_LoginTest -->
